# JRE version: OpenJDK Runtime Environment (8.0_202-b03) (build 1.8.0_202-release-1483-b03)
# Java VM: OpenJDK 64-Bit Server VM (25.202-b03 mixed mode windows-amd64 compressed oops)
Heap:
 PSYoungGen      total 224256K, used 194692K [0x00000000e0000000, 0x00000000f1600000, 0x0000000100000000)
  eden space 202752K, 86% used [0x00000000e0000000,0x00000000eaa598b8,0x00000000ec600000)
  from space 21504K, 94% used [0x00000000ec600000,0x00000000ed9c77b8,0x00000000edb00000)
  to   space 23552K, 0% used [0x00000000eff00000,0x00000000eff00000,0x00000000f1600000)
 ParOldGen       total 263168K, used 35282K [0x00000000a0000000, 0x00000000b0100000, 0x00000000e0000000)
  object space 263168K, 13% used [0x00000000a0000000,0x00000000a2274b78,0x00000000b0100000)
 Metaspace       used 72889K, capacity 75930K, committed 76120K, reserved 1114112K
  class space    used 9883K, capacity 10514K, committed 10624K, reserved 1048576K
GC Heap History (10 events):
Event: 5.783 GC heap before
{Heap before GC invocations=8 (full 2):
 PSYoungGen      total 163328K, used 9198K [0x00000000e0000000, 0x00000000ee600000, 0x0000000100000000)
  eden space 148992K, 0% used [0x00000000e0000000,0x00000000e0000000,0x00000000e9180000)
  from space 14336K, 64% used [0x00000000e9f00000,0x00000000ea7fbab0,0x00000000ead00000)
  to   space 13824K, 0% used [0x00000000e9180000,0x00000000e9180000,0x00000000e9f00000)
 ParOldGen       total 113152K, used 12314K [0x00000000a0000000, 0x00000000a6e80000, 0x00000000e0000000)
  object space 113152K, 10% used [0x00000000a0000000,0x00000000a0c068b8,0x00000000a6e80000)
 Metaspace       used 34649K, capacity 35376K, committed 35456K, reserved 1079296K
  class space    used 4767K, capacity 4956K, committed 4992K, reserved 1048576K
Event: 5.910 GC heap after
Heap after GC invocations=8 (full 2):
 PSYoungGen      total 163328K, used 0K [0x00000000e0000000, 0x00000000ee600000, 0x0000000100000000)
  eden space 148992K, 0% used [0x00000000e0000000,0x00000000e0000000,0x00000000e9180000)
  from space 14336K, 0% used [0x00000000e9f00000,0x00000000e9f00000,0x00000000ead00000)
  to   space 13824K, 0% used [0x00000000e9180000,0x00000000e9180000,0x00000000e9f00000)
 ParOldGen       total 176128K, used 16144K [0x00000000a0000000, 0x00000000aac00000, 0x00000000e0000000)
  object space 176128K, 9% used [0x00000000a0000000,0x00000000a0fc4290,0x00000000aac00000)
 Metaspace       used 34642K, capacity 35352K, committed 35456K, reserved 1079296K
  class space    used 4765K, capacity 4952K, committed 4992K, reserved 1048576K
}
Event: 7.989 GC heap before
{Heap before GC invocations=9 (full 2):
 PSYoungGen      total 163328K, used 148992K [0x00000000e0000000, 0x00000000ee600000, 0x0000000100000000)
  eden space 148992K, 100% used [0x00000000e0000000,0x00000000e9180000,0x00000000e9180000)
  from space 14336K, 0% used [0x00000000e9f00000,0x00000000e9f00000,0x00000000ead00000)
  to   space 13824K, 0% used [0x00000000e9180000,0x00000000e9180000,0x00000000e9f00000)
 ParOldGen       total 176128K, used 16144K [0x00000000a0000000, 0x00000000aac00000, 0x00000000e0000000)
  object space 176128K, 9% used [0x00000000a0000000,0x00000000a0fc4290,0x00000000aac00000)
 Metaspace       used 48957K, capacity 50288K, committed 50560K, reserved 1093632K
  class space    used 6579K, capacity 6949K, committed 7040K, reserved 1048576K
Event: 8.009 GC heap after
Heap after GC invocations=9 (full 2):
 PSYoungGen      total 162816K, used 13823K [0x00000000e0000000, 0x00000000eec80000, 0x0000000100000000)
  eden space 148992K, 0% used [0x00000000e0000000,0x00000000e0000000,0x00000000e9180000)
  from space 13824K, 99% used [0x00000000e9180000,0x00000000e9effde8,0x00000000e9f00000)
  to   space 17920K, 0% used [0x00000000edb00000,0x00000000edb00000,0x00000000eec80000)
 ParOldGen       total 176128K, used 21129K [0x00000000a0000000, 0x00000000aac00000, 0x00000000e0000000)
  object space 176128K, 11% used [0x00000000a0000000,0x00000000a14a2478,0x00000000aac00000)
 Metaspace       used 48957K, capacity 50288K, committed 50560K, reserved 1093632K
  class space    used 6579K, capacity 6949K, committed 7040K, reserved 1048576K
}
Event: 9.378 GC heap before
{Heap before GC invocations=10 (full 2):
 PSYoungGen      total 162816K, used 125627K [0x00000000e0000000, 0x00000000eec80000, 0x0000000100000000)
  eden space 148992K, 75% used [0x00000000e0000000,0x00000000e6d2ee50,0x00000000e9180000)
  from space 13824K, 99% used [0x00000000e9180000,0x00000000e9effde8,0x00000000e9f00000)
  to   space 17920K, 0% used [0x00000000edb00000,0x00000000edb00000,0x00000000eec80000)
 ParOldGen       total 176128K, used 21129K [0x00000000a0000000, 0x00000000aac00000, 0x00000000e0000000)
  object space 176128K, 11% used [0x00000000a0000000,0x00000000a14a2478,0x00000000aac00000)
 Metaspace       used 57508K, capacity 59074K, committed 59096K, reserved 1099776K
  class space    used 7779K, capacity 8192K, committed 8192K, reserved 1048576K
Event: 9.415 GC heap after
Heap after GC invocations=10 (full 2):
 PSYoungGen      total 220672K, used 17898K [0x00000000e0000000, 0x00000000ef680000, 0x0000000100000000)
  eden space 202752K, 0% used [0x00000000e0000000,0x00000000e0000000,0x00000000ec600000)
  from space 17920K, 99% used [0x00000000edb00000,0x00000000eec7ab68,0x00000000eec80000)
  to   space 21504K, 0% used [0x00000000ec600000,0x00000000ec600000,0x00000000edb00000)
 ParOldGen       total 176128K, used 24055K [0x00000000a0000000, 0x00000000aac00000, 0x00000000e0000000)
  object space 176128K, 13% used [0x00000000a0000000,0x00000000a177dd80,0x00000000aac00000)
 Metaspace       used 57508K, capacity 59074K, committed 59096K, reserved 1099776K
  class space    used 7779K, capacity 8192K, committed 8192K, reserved 1048576K
}
Event: 9.415 GC heap before
{Heap before GC invocations=11 (full 3):
 PSYoungGen      total 220672K, used 17898K [0x00000000e0000000, 0x00000000ef680000, 0x0000000100000000)
  eden space 202752K, 0% used [0x00000000e0000000,0x00000000e0000000,0x00000000ec600000)
  from space 17920K, 99% used [0x00000000edb00000,0x00000000eec7ab68,0x00000000eec80000)
  to   space 21504K, 0% used [0x00000000ec600000,0x00000000ec600000,0x00000000edb00000)
 ParOldGen       total 176128K, used 24055K [0x00000000a0000000, 0x00000000aac00000, 0x00000000e0000000)
  object space 176128K, 13% used [0x00000000a0000000,0x00000000a177dd80,0x00000000aac00000)
 Metaspace       used 57508K, capacity 59074K, committed 59096K, reserved 1099776K
  class space    used 7779K, capacity 8192K, committed 8192K, reserved 1048576K
Event: 9.690 GC heap after
Heap after GC invocations=11 (full 3):
 PSYoungGen      total 220672K, used 0K [0x00000000e0000000, 0x00000000ef680000, 0x0000000100000000)
  eden space 202752K, 0% used [0x00000000e0000000,0x00000000e0000000,0x00000000ec600000)
  from space 17920K, 0% used [0x00000000edb00000,0x00000000edb00000,0x00000000eec80000)
  to   space 21504K, 0% used [0x00000000ec600000,0x00000000ec600000,0x00000000edb00000)
 ParOldGen       total 263168K, used 35274K [0x00000000a0000000, 0x00000000b0100000, 0x00000000e0000000)
  object space 263168K, 13% used [0x00000000a0000000,0x00000000a2272b78,0x00000000b0100000)
 Metaspace       used 57508K, capacity 59074K, committed 59096K, reserved 1099776K
  class space    used 7779K, capacity 8192K, committed 8192K, reserved 1048576K
}
Event: 12.749 GC heap before
{Heap before GC invocations=12 (full 3):
 PSYoungGen      total 220672K, used 202752K [0x00000000e0000000, 0x00000000ef680000, 0x0000000100000000)
  eden space 202752K, 100% used [0x00000000e0000000,0x00000000ec600000,0x00000000ec600000)
  from space 17920K, 0% used [0x00000000edb00000,0x00000000edb00000,0x00000000eec80000)
  to   space 21504K, 0% used [0x00000000ec600000,0x00000000ec600000,0x00000000edb00000)
 ParOldGen       total 263168K, used 35274K [0x00000000a0000000, 0x00000000b0100000, 0x00000000e0000000)
  object space 263168K, 13% used [0x00000000a0000000,0x00000000a2272b78,0x00000000b0100000)
 Metaspace       used 65332K, capacity 67620K, committed 67800K, reserved 1107968K
  class space    used 8864K, capacity 9385K, committed 9472K, reserved 1048576K
Event: 12.773 GC heap after
Heap after GC invocations=12 (full 3):
 PSYoungGen      total 224256K, used 20253K [0x00000000e0000000, 0x00000000f1600000, 0x0000000100000000)
  eden space 202752K, 0% used [0x00000000e0000000,0x00000000e0000000,0x00000000ec600000)
  from space 21504K, 94% used [0x00000000ec600000,0x00000000ed9c77b8,0x00000000edb00000)
  to   space 23552K, 0% used [0x00000000eff00000,0x00000000eff00000,0x00000000f1600000)
 ParOldGen       total 263168K, used 35282K [0x00000000a0000000, 0x00000000b0100000, 0x00000000e0000000)
  object space 263168K, 13% used [0x00000000a0000000,0x00000000a2274b78,0x00000000b0100000)
 Metaspace       used 65332K, capacity 67620K, committed 67800K, reserved 1107968K
  class space    used 8864K, capacity 9385K, committed 9472K, reserved 1048576K
}

