# JRE version: OpenJDK Runtime Environment (8.0_202-b03) (build 1.8.0_202-release-1483-b03)
# Java VM: OpenJDK 64-Bit Server VM (25.202-b03 mixed mode windows-amd64 compressed oops)
Heap:
 PSYoungGen      total 317440K, used 126958K [0x00000000e0000000, 0x00000000f5980000, 0x0000000100000000)
  eden space 297472K, 37% used [0x00000000e0000000,0x00000000e6c3fbb0,0x00000000f2280000)
  from space 19968K, 80% used [0x00000000f4600000,0x00000000f55bc020,0x00000000f5980000)
  to   space 28160K, 0% used [0x00000000f2280000,0x00000000f2280000,0x00000000f3e00000)
 ParOldGen       total 361984K, used 54156K [0x00000000a0000000, 0x00000000b6180000, 0x00000000e0000000)
  object space 361984K, 14% used [0x00000000a0000000,0x00000000a34e3140,0x00000000b6180000)
 Metaspace       used 100695K, capacity 104332K, committed 106444K, reserved 1142784K
  class space    used 12784K, capacity 13483K, committed 14040K, reserved 1048576K
GC Heap History (10 events):
Event: 6442.805 GC heap before
{Heap before GC invocations=24 (full 4):
 PSYoungGen      total 224768K, used 201634K [0x00000000e0000000, 0x00000000f1980000, 0x0000000100000000)
  eden space 189952K, 100% used [0x00000000e0000000,0x00000000eb980000,0x00000000eb980000)
  from space 34816K, 33% used [0x00000000eb980000,0x00000000ec4e8a40,0x00000000edb80000)
  to   space 34304K, 0% used [0x00000000ef800000,0x00000000ef800000,0x00000000f1980000)
 ParOldGen       total 361984K, used 54132K [0x00000000a0000000, 0x00000000b6180000, 0x00000000e0000000)
  object space 361984K, 14% used [0x00000000a0000000,0x00000000a34dd140,0x00000000b6180000)
 Metaspace       used 91357K, capacity 94508K, committed 98380K, reserved 1134592K
  class space    used 11632K, capacity 12241K, committed 13144K, reserved 1048576K
Event: 6442.829 GC heap after
Heap after GC invocations=24 (full 4):
 PSYoungGen      total 254976K, used 10680K [0x00000000e0000000, 0x00000000f1b00000, 0x0000000100000000)
  eden space 220672K, 0% used [0x00000000e0000000,0x00000000e0000000,0x00000000ed780000)
  from space 34304K, 31% used [0x00000000ef800000,0x00000000f026e0c8,0x00000000f1980000)
  to   space 33280K, 0% used [0x00000000ed780000,0x00000000ed780000,0x00000000ef800000)
 ParOldGen       total 361984K, used 54132K [0x00000000a0000000, 0x00000000b6180000, 0x00000000e0000000)
  object space 361984K, 14% used [0x00000000a0000000,0x00000000a34dd140,0x00000000b6180000)
 Metaspace       used 91357K, capacity 94508K, committed 98380K, reserved 1134592K
  class space    used 11632K, capacity 12241K, committed 13144K, reserved 1048576K
}
Event: 6444.372 GC heap before
{Heap before GC invocations=25 (full 4):
 PSYoungGen      total 254976K, used 231352K [0x00000000e0000000, 0x00000000f1b00000, 0x0000000100000000)
  eden space 220672K, 100% used [0x00000000e0000000,0x00000000ed780000,0x00000000ed780000)
  from space 34304K, 31% used [0x00000000ef800000,0x00000000f026e0c8,0x00000000f1980000)
  to   space 33280K, 0% used [0x00000000ed780000,0x00000000ed780000,0x00000000ef800000)
 ParOldGen       total 361984K, used 54132K [0x00000000a0000000, 0x00000000b6180000, 0x00000000e0000000)
  object space 361984K, 14% used [0x00000000a0000000,0x00000000a34dd140,0x00000000b6180000)
 Metaspace       used 91426K, capacity 94578K, committed 98380K, reserved 1134592K
  class space    used 11634K, capacity 12242K, committed 13144K, reserved 1048576K
Event: 6444.403 GC heap after
Heap after GC invocations=25 (full 4):
 PSYoungGen      total 253952K, used 12222K [0x00000000e0000000, 0x00000000f3e80000, 0x0000000100000000)
  eden space 220672K, 0% used [0x00000000e0000000,0x00000000e0000000,0x00000000ed780000)
  from space 33280K, 36% used [0x00000000ed780000,0x00000000ee36faf8,0x00000000ef800000)
  to   space 32256K, 0% used [0x00000000f1f00000,0x00000000f1f00000,0x00000000f3e80000)
 ParOldGen       total 361984K, used 54132K [0x00000000a0000000, 0x00000000b6180000, 0x00000000e0000000)
  object space 361984K, 14% used [0x00000000a0000000,0x00000000a34dd140,0x00000000b6180000)
 Metaspace       used 91426K, capacity 94578K, committed 98380K, reserved 1134592K
  class space    used 11634K, capacity 12242K, committed 13144K, reserved 1048576K
}
Event: 6446.995 GC heap before
{Heap before GC invocations=26 (full 4):
 PSYoungGen      total 253952K, used 232894K [0x00000000e0000000, 0x00000000f3e80000, 0x0000000100000000)
  eden space 220672K, 100% used [0x00000000e0000000,0x00000000ed780000,0x00000000ed780000)
  from space 33280K, 36% used [0x00000000ed780000,0x00000000ee36faf8,0x00000000ef800000)
  to   space 32256K, 0% used [0x00000000f1f00000,0x00000000f1f00000,0x00000000f3e80000)
 ParOldGen       total 361984K, used 54132K [0x00000000a0000000, 0x00000000b6180000, 0x00000000e0000000)
  object space 361984K, 14% used [0x00000000a0000000,0x00000000a34dd140,0x00000000b6180000)
 Metaspace       used 91659K, capacity 94838K, committed 98380K, reserved 1134592K
  class space    used 11657K, capacity 12264K, committed 13144K, reserved 1048576K
Event: 6447.017 GC heap after
Heap after GC invocations=26 (full 4):
 PSYoungGen      total 285696K, used 13857K [0x00000000e0000000, 0x00000000f3900000, 0x0000000100000000)
  eden space 259072K, 0% used [0x00000000e0000000,0x00000000e0000000,0x00000000efd00000)
  from space 26624K, 52% used [0x00000000f1f00000,0x00000000f2c88470,0x00000000f3900000)
  to   space 30720K, 0% used [0x00000000efd00000,0x00000000efd00000,0x00000000f1b00000)
 ParOldGen       total 361984K, used 54140K [0x00000000a0000000, 0x00000000b6180000, 0x00000000e0000000)
  object space 361984K, 14% used [0x00000000a0000000,0x00000000a34df140,0x00000000b6180000)
 Metaspace       used 91659K, capacity 94838K, committed 98380K, reserved 1134592K
  class space    used 11657K, capacity 12264K, committed 13144K, reserved 1048576K
}
Event: 6448.790 GC heap before
{Heap before GC invocations=27 (full 4):
 PSYoungGen      total 285696K, used 272929K [0x00000000e0000000, 0x00000000f3900000, 0x0000000100000000)
  eden space 259072K, 100% used [0x00000000e0000000,0x00000000efd00000,0x00000000efd00000)
  from space 26624K, 52% used [0x00000000f1f00000,0x00000000f2c88470,0x00000000f3900000)
  to   space 30720K, 0% used [0x00000000efd00000,0x00000000efd00000,0x00000000f1b00000)
 ParOldGen       total 361984K, used 54140K [0x00000000a0000000, 0x00000000b6180000, 0x00000000e0000000)
  object space 361984K, 14% used [0x00000000a0000000,0x00000000a34df140,0x00000000b6180000)
 Metaspace       used 92799K, capacity 96080K, committed 99148K, reserved 1134592K
  class space    used 11791K, capacity 12433K, committed 13144K, reserved 1048576K
Event: 6448.818 GC heap after
Heap after GC invocations=27 (full 4):
 PSYoungGen      total 289792K, used 14427K [0x00000000e0000000, 0x00000000f6280000, 0x0000000100000000)
  eden space 259072K, 0% used [0x00000000e0000000,0x00000000e0000000,0x00000000efd00000)
  from space 30720K, 46% used [0x00000000efd00000,0x00000000f0b16d48,0x00000000f1b00000)
  to   space 29184K, 0% used [0x00000000f4600000,0x00000000f4600000,0x00000000f6280000)
 ParOldGen       total 361984K, used 54148K [0x00000000a0000000, 0x00000000b6180000, 0x00000000e0000000)
  object space 361984K, 14% used [0x00000000a0000000,0x00000000a34e1140,0x00000000b6180000)
 Metaspace       used 92799K, capacity 96080K, committed 99148K, reserved 1134592K
  class space    used 11791K, capacity 12433K, committed 13144K, reserved 1048576K
}
Event: 6709.321 GC heap before
{Heap before GC invocations=28 (full 4):
 PSYoungGen      total 289792K, used 273499K [0x00000000e0000000, 0x00000000f6280000, 0x0000000100000000)
  eden space 259072K, 100% used [0x00000000e0000000,0x00000000efd00000,0x00000000efd00000)
  from space 30720K, 46% used [0x00000000efd00000,0x00000000f0b16d48,0x00000000f1b00000)
  to   space 29184K, 0% used [0x00000000f4600000,0x00000000f4600000,0x00000000f6280000)
 ParOldGen       total 361984K, used 54148K [0x00000000a0000000, 0x00000000b6180000, 0x00000000e0000000)
  object space 361984K, 14% used [0x00000000a0000000,0x00000000a34e1140,0x00000000b6180000)
 Metaspace       used 95337K, capacity 98850K, committed 101196K, reserved 1136640K
  class space    used 12155K, capacity 12846K, committed 13400K, reserved 1048576K
Event: 6709.359 GC heap after
Heap after GC invocations=28 (full 4):
 PSYoungGen      total 317440K, used 16112K [0x00000000e0000000, 0x00000000f5980000, 0x0000000100000000)
  eden space 297472K, 0% used [0x00000000e0000000,0x00000000e0000000,0x00000000f2280000)
  from space 19968K, 80% used [0x00000000f4600000,0x00000000f55bc020,0x00000000f5980000)
  to   space 28160K, 0% used [0x00000000f2280000,0x00000000f2280000,0x00000000f3e00000)
 ParOldGen       total 361984K, used 54156K [0x00000000a0000000, 0x00000000b6180000, 0x00000000e0000000)
  object space 361984K, 14% used [0x00000000a0000000,0x00000000a34e3140,0x00000000b6180000)
 Metaspace       used 95337K, capacity 98850K, committed 101196K, reserved 1136640K
  class space    used 12155K, capacity 12846K, committed 13400K, reserved 1048576K
}

